\BOOKMARK [1][]{section.1}{\376\377\116\000\060\001\000\040\225\356\230\230\221\315\217\360\116\016\122\006\147\220}{}% 1
\BOOKMARK [2][]{subsection.1.1}{\376\377\0001\000.\0001\000\040\225\356\230\230\116\000}{section.1}% 2
\BOOKMARK [2][]{subsection.1.2}{\376\377\0001\000.\0002\000\040\225\356\230\230\116\214}{section.1}% 3
\BOOKMARK [2][]{subsection.1.3}{\376\377\0001\000.\0003\000\040\225\356\230\230\116\011}{section.1}% 4
\BOOKMARK [2][]{subsection.1.4}{\376\377\0001\000.\0004\000\040\225\356\230\230\126\333}{section.1}% 5
\BOOKMARK [1][]{section.2}{\376\377\116\214\060\001\000\040\173\046\123\367\213\364\146\016}{}% 6
\BOOKMARK [1][]{section.3}{\376\377\116\011\060\001\000\040\135\345\123\202\165\037\116\247\213\241\122\022\213\276\213\241\377\010\225\356\230\230\116\000\377\011}{}% 7
\BOOKMARK [2][]{subsection.3.1}{\376\377\0003\000.\0001\000\040\152\041\127\213\166\204\136\372\172\313}{section.3}% 8
\BOOKMARK [2][]{subsection.3.2}{\376\377\0003\000.\0002\000\040\152\041\127\213\166\204\154\102\211\343}{section.3}% 9
\BOOKMARK [2][]{subsection.3.3}{\376\377\0003\000.\0003\000\040\165\037\116\247\145\271\150\110\134\125\171\072}{section.3}% 10
\BOOKMARK [1][]{section.4}{\376\377\126\333\060\001\000\040\135\345\123\202\165\037\116\247\213\241\122\022\142\151\134\125\377\010\225\356\230\230\116\214\377\011}{}% 11
\BOOKMARK [2][]{subsection.4.1}{\376\377\0004\000.\0001\000\040\152\041\127\213\166\204\136\372\172\313\116\016\154\102\211\343}{section.4}% 12
\BOOKMARK [2][]{subsection.4.2}{\376\377\0004\000.\0002\000\040\165\037\116\247\145\271\150\110\134\125\171\072}{section.4}% 13
\BOOKMARK [1][]{section.5}{\376\377\116\224\060\001\000\040\150\300\117\356\145\271\150\110\213\276\213\241\377\010\225\356\230\230\116\011\377\011}{}% 14
\BOOKMARK [2][]{subsection.5.1}{\376\377\0005\000.\0001\000\040\152\041\127\213\166\204\136\372\172\313\116\016\154\102\211\343}{section.5}% 15
\BOOKMARK [2][]{subsection.5.2}{\376\377\0005\000.\0002\000\040\150\300\117\356\145\271\150\110\134\125\171\072}{section.5}% 16
\BOOKMARK [1][]{section.6}{\376\377\121\155\060\001\000\040\213\242\123\125\201\352\230\204\155\113\127\213\165\037\116\247\213\241\122\022\122\066\213\242\377\010\225\356\230\230\126\333\377\011}{}% 17
\BOOKMARK [2][]{subsection.6.1}{\376\377\0006\000.\0001\000\040\152\041\127\213\166\204\136\372\172\313}{section.6}% 18
\BOOKMARK [2][]{subsection.6.2}{\376\377\0006\000.\0002\000\040\152\041\127\213\166\204\154\102\211\343}{section.6}% 19
\BOOKMARK [1][]{section.7}{\376\377\116\003\060\001\000\040\152\041\127\213\166\204\213\304\116\367\116\016\143\250\136\177}{}% 20
\BOOKMARK [2][]{subsection.7.1}{\376\377\0007\000.\0001\000\040\160\165\145\117\136\246\122\006\147\220}{section.7}% 21
\BOOKMARK [2][]{subsection.7.2}{\376\377\0007\000.\0002\000\040\152\041\127\213\166\204\122\033\145\260\160\271}{section.7}% 22
\BOOKMARK [2][]{subsection.7.3}{\376\377\0007\000.\0003\000\040\120\074\137\227\145\071\217\333\166\204\220\350\122\006}{section.7}% 23
\BOOKMARK [1][]{appendix.a.A}{\376\377\226\104\137\125\000\040\000A\000\040\156\220\172\013\136\217}{}% 24
\BOOKMARK [2][]{subsection.a.A.1}{\376\377\0001\000.\0001\000\040\154\064\116\013\147\072\126\150\116\272\166\204\176\304\210\305\213\241\122\022\000.\000j\000l}{appendix.a.A}% 25
