\BOOKMARK [1][]{section.1}{\376\377\116\000\060\001\000\040\225\356\230\230\122\006\147\220}{}% 1
\BOOKMARK [2][]{subsection.1.1}{\376\377\0001\000.\0001\000\040\225\356\230\230\116\000}{section.1}% 2
\BOOKMARK [2][]{subsection.1.2}{\376\377\0001\000.\0002\000\040\225\356\230\230\116\214}{section.1}% 3
\BOOKMARK [2][]{subsection.1.3}{\376\377\0001\000.\0003\000\040\225\356\230\230\116\011}{section.1}% 4
\BOOKMARK [2][]{subsection.1.4}{\376\377\0001\000.\0004\000\040\225\356\230\230\126\333}{section.1}% 5
\BOOKMARK [1][]{section.2}{\376\377\116\214\060\001\000\040\117\233\136\224\125\106\166\204\220\011\142\351}{}% 6
\BOOKMARK [2][]{subsection.2.1}{\376\377\0002\000.\0001\000\040\143\007\150\007\166\204\220\011\123\326}{section.2}% 7
\BOOKMARK [2][]{subsection.2.2}{\376\377\0002\000.\0002\000\040\127\372\116\216\161\265\147\103\166\204\000T\000O\000P\000S\000I\000S\145\271\154\325\220\011\117\030}{section.2}% 8
\BOOKMARK [3][]{subsubsection.2.2.1}{\376\377\0002\000.\0002\000.\0001\000\040\147\103\221\315\213\241\173\227}{subsection.2.2}% 9
\BOOKMARK [3][]{subsubsection.2.2.2}{\376\377\0002\000.\0002\000.\0002\000\040\117\233\136\224\125\106\213\304\116\367}{subsection.2.2}% 10
\BOOKMARK [2][]{subsection.2.3}{\376\377\0002\000.\0003\000\040\117\233\136\224\125\106\166\204\213\304\116\367\176\323\147\234}{section.2}% 11
\BOOKMARK [3][]{subsubsection.2.3.1}{\376\377\0002\000.\0003\000.\0001\000\040\124\004\116\052\143\007\150\007\166\204\147\103\221\315}{subsection.2.3}% 12
\BOOKMARK [3][]{subsubsection.2.3.2}{\376\377\0002\000.\0003\000.\0002\000\040\117\233\136\224\125\106\176\374\124\010\213\304\116\367\143\007\145\160}{subsection.2.3}% 13
\BOOKMARK [3][]{subsubsection.2.3.3}{\376\377\0002\000.\0003\000.\0003\000\040\117\233\136\224\125\106\166\204\230\204\220\011}{subsection.2.3}% 14
\BOOKMARK [2][]{subsection.2.4}{\376\377\0002\000.\0004\000\040\117\233\136\224\125\106\145\160\221\317\117\030\123\026}{section.2}% 15
\BOOKMARK [1][]{section.3}{\376\377\116\011\060\001\000\040\230\204\155\113\147\052\147\145\117\233\215\047\221\317}{}% 16
\BOOKMARK [2][]{subsection.3.1}{\376\377\0003\000.\0001\000\040\127\372\116\216\171\136\176\317\177\121\176\334\166\204\117\233\215\047\200\375\122\233\230\204\155\113}{section.3}% 17
\BOOKMARK [2][]{subsection.3.2}{\376\377\0003\000.\0002\000\040\117\233\136\224\221\317\117\356\153\143}{section.3}% 18
\BOOKMARK [2][]{subsection.3.3}{\376\377\0003\000.\0003\000\040\230\204\155\113\152\041\127\213\150\300\232\214}{section.3}% 19
\BOOKMARK [1][]{section.4}{\376\377\126\333\060\001\000\040\122\066\133\232\213\242\215\055\060\001\136\223\133\130\145\271\150\110}{}% 20
\BOOKMARK [2][]{subsection.4.1}{\376\377\0004\000.\0001\000\040\127\372\116\216\213\242\215\047\221\317\166\204\117\233\215\047\221\317\170\156\133\232}{section.4}% 21
\BOOKMARK [2][]{subsection.4.2}{\376\377\0004\000.\0002\000\040\122\066\133\232\213\242\215\055\145\271\150\110}{section.4}% 22
\BOOKMARK [2][]{subsection.4.3}{\376\377\0004\000.\0003\000\040\122\066\133\232\217\154\217\320\145\271\150\110}{section.4}% 23
\BOOKMARK [2][]{subsection.4.4}{\376\377\0004\000.\0004\000\040\152\041\127\213\150\300\232\214}{section.4}% 24
\BOOKMARK [1][]{section.5}{\376\377\116\224\060\001\000\040\123\237\147\120\145\231\166\204\213\242\215\055\124\214\217\154\217\320\145\271\150\110\142\151\134\125}{}% 25
\BOOKMARK [2][]{subsection.5.1}{\376\377\0005\000.\0001\000\040\122\066\133\232\213\242\215\055\145\271\150\110}{section.5}% 26
\BOOKMARK [2][]{subsection.5.2}{\376\377\0005\000.\0002\000\040\122\066\133\232\217\320\217\223\145\271\150\110}{section.5}% 27
\BOOKMARK [1][]{section.6}{\376\377\121\155\060\001\000\040\117\001\116\032\116\247\200\375\116\012\226\120\117\030\123\026}{}% 28
