\BOOKMARK [1][]{section.1}{\376\377\116\000\060\001\000\040\225\356\230\230\221\315\217\360}{}% 1
\BOOKMARK [1][]{section.2}{\376\377\116\214\060\001\000\040\225\356\230\230\122\006\147\220}{}% 2
\BOOKMARK [2][]{subsection.2.1}{\376\377\0002\000.\0001\000\040\225\356\230\230\116\000}{section.2}% 3
\BOOKMARK [1][]{section.3}{\376\377\116\011\060\001\000\040\145\160\143\156\230\204\131\004\164\006}{}% 4
\BOOKMARK [2][]{subsection.3.1}{\376\377\0003\000.\0001\000\040\226\104\116\366\0001}{section.3}% 5
\BOOKMARK [3][]{subsubsection.3.1.1}{\376\377\0003\000.\0001\000.\0001\000\040\131\004\164\006\177\072\131\061\120\074}{subsection.3.1}% 6
\BOOKMARK [3][]{subsubsection.3.1.2}{\376\377\0003\000.\0001\000.\0002\000\040\123\330\221\317\116\214\120\074\123\026}{subsection.3.1}% 7
\BOOKMARK [3][]{subsubsection.3.1.3}{\376\377\0003\000.\0001\000.\0003\000\040\230\234\202\162\000R\000G\000B\150\007\121\306\123\026}{subsection.3.1}% 8
\BOOKMARK [1][]{section.4}{\376\377\126\333\060\001\000\040\127\372\116\216\155\361\136\246\133\146\116\140\166\204\000L\000o\000g\000i\000s\000t\000i\000c\126\336\137\122\152\041\127\213\377\010\225\356\230\230\116\000\377\011}{}% 9
\BOOKMARK [2][]{subsection.4.1}{\376\377\0004\000.\0001\000\040\152\041\127\213\166\204\136\372\172\313}{section.4}% 10
\BOOKMARK [3][]{subsubsection.4.1.1}{\376\377\0004\000.\0001\000.\0001\000\040\145\160\143\156\150\007\121\306\123\026}{subsection.4.1}% 11
\BOOKMARK [3][]{subsubsection.4.1.2}{\376\377\0004\000.\0001\000.\0002\000\040\136\372\172\313\131\032\121\103\176\277\140\047\126\336\137\122\152\041\127\213}{subsection.4.1}% 12
\BOOKMARK [3][]{subsubsection.4.1.3}{\376\377\0004\000.\0001\000.\0003\000\040\136\372\172\313\000L\000o\000g\000i\000s\000t\000i\000c\126\336\137\122\152\041\127\213}{subsection.4.1}% 13
\BOOKMARK [3][]{subsubsection.4.1.4}{\376\377\0004\000.\0001\000.\0004\000\040\147\204\220\040\117\074\161\066\121\375\145\160}{subsection.4.1}% 14
\BOOKMARK [2][]{subsection.4.2}{\376\377\0004\000.\0002\000\040\152\041\127\213\166\204\154\102\211\343}{section.4}% 15
\BOOKMARK [3][]{subsubsection.4.2.1}{\376\377\0004\000.\0002\000.\0001\000\040\171\136\176\317\177\121\176\334\152\041\127\213\176\323\147\204}{subsection.4.2}% 16
\BOOKMARK [3][]{subsubsection.4.2.2}{\376\377\0004\000.\0002\000.\0002\000\040\217\336\143\245\147\103}{subsection.4.2}% 17
\BOOKMARK [3][]{subsubsection.4.2.3}{\376\377\0004\000.\0002\000.\0003\000\040\177\121\176\334\217\223\121\145}{subsection.4.2}% 18
\BOOKMARK [3][]{subsubsection.4.2.4}{\376\377\0004\000.\0002\000.\0004\000\040\157\300\155\073\121\375\145\160}{subsection.4.2}% 19
\BOOKMARK [3][]{subsubsection.4.2.5}{\376\377\0004\000.\0002\000.\0005\000\040\143\137\131\061\121\375\145\160}{subsection.4.2}% 20
\BOOKMARK [3][]{subsubsection.4.2.6}{\376\377\0004\000.\0002\000.\0006\000\040\147\000\220\037\116\013\226\115\154\325}{subsection.4.2}% 21
\BOOKMARK [1][]{section.5}{\376\377\116\224\060\001\000\040\123\026\133\146\142\020\122\006\124\053\221\317}{}% 22
\BOOKMARK [1][]{section.6}{\376\377\121\155\060\001\000\040\145\271\135\356\237\120\140\047\150\300\232\214}{}% 23
\BOOKMARK [2][]{subsection.6.1}{\376\377\0006\000.\0001\000\040\116\072\116\300\116\110\211\201\120\132}{section.6}% 24
\BOOKMARK [2][]{subsection.6.2}{\376\377\0006\000.\0002\000\040\116\072\116\300\116\110\200\375\120\132}{section.6}% 25
\BOOKMARK [2][]{subsection.6.3}{\376\377\0006\000.\0003\000\040\0001\000\040\060\001\000\040\0002\000\040\147\052\167\345\377\014\146\076\204\127\140\047\154\064\136\163\116\072\000\040\377\010\137\025\165\050\166\333\232\244\000p\0001\0009\0004\000-\0001\0009\0005\377\011}{section.6}% 26
\BOOKMARK [1][]{section.7}{\376\377\116\003\060\001\000\040\131\032\126\340\175\040\145\271\135\356\122\006\147\220\000\050\137\025\165\050\226\110\136\014\121\022\000p\0003\0002\0001\000-\0003\0002\0004\000\051}{}% 27
\BOOKMARK [1][]{section.8}{\376\377\121\153\060\001\000\040\145\207\162\151\210\150\227\142\147\011\145\340\230\316\123\026\123\026\133\146\142\020\122\006\124\053\221\317\146\040\134\004\377\010\137\025\165\050\145\160\122\006\000p\0001\0000\000\051}{}% 28
\BOOKMARK [1][]{section.9}{\376\377\116\135\060\001\000\040\225\356\230\230\0001\000.\0003}{}% 29
\BOOKMARK [1][]{appendix.a.A}{\376\377\226\104\137\125\000\040\000A\000\040\156\220\172\013\136\217}{}% 30
\BOOKMARK [2][]{subsection.a.A.1}{\376\377\0001\000.\0001\000\040\000E\000L\000O\000L\000.\000p\000y}{appendix.a.A}% 31
